El nombre de la máquina es:
ampere

El nombre del usuario es:
alumno08
Los comandos se han ejecutado en la ruta:
/home/alumno08/lab1

Estructura de escritorios:
.
├── helloflops3-AVX
└── slurm-12415.out

0 directories, 2 files

El programa se ha ejecutado 1 veces
Initializing
Starting Compute on 6 threads
GFlops =    768.000, Secs =      3.095, GFlops per sec =    248.179

El programa se ha ejecutado 2 veces
Initializing
Starting Compute on 6 threads
GFlops =    768.000, Secs =      3.127, GFlops per sec =    245.583

El programa se ha ejecutado 3 veces
Initializing
Starting Compute on 6 threads
GFlops =    768.000, Secs =      3.099, GFlops per sec =    247.802

                               [46;1m [m[46;1m [m[46;1m [m[46;1m [m[46;1m [m[46;1m [m[46;1m [m[46;1m [m[46;1m [m[46;1m [m[46;1m [m[46;1m [m[46;1m [m[46;1m [m[46;1m [m[47;1m [m               [m
                       [46;1m [m[46;1m [m[46;1m [m[46;1m [m[46;1m [m[46;1m [m[47;1m [m                [46;1m [m[46;1m [m[46;1m [m[46;1m [m[46;1m [m[46;1m [m[47;1m [m         [m
                  [46;1m [m[46;1m [m[46;1m [m[47;1m [m                              [46;1m [m[46;1m [m[46;1m [m[47;1m [m      [m
              [46;1m [m[46;1m [m[47;1m [m                                     [46;1m [m[46;1m [m[46;1m [m[47;1m [m    [m[36;1mName:[m              [37;1mIntel Core i5-9400[m
         [46;1m [m[46;1m [m[47;1m [m                                             [46;1m [m[46;1m [m[47;1m [m  [m[36;1mMicroarchitecture:[m [37;1mCoffee Lake[m
         [46;1m [m[46;1m [m[47;1m [m                                             [46;1m [m[46;1m [m[47;1m [m  [m[36;1mTechnology:[m        [37;1m14nm[m
      [47;1m [m                    [46;1m [m[46;1m [m[47;1m [m                [46;1m [m[46;1m [m[47;1m [m        [46;1m [m[46;1m [m[47;1m [m  [m[36;1mMax Frequency:[m     [37;1m4.100 GHz[m
    [46;1m [m[47;1m [m   [46;1m [m[46;1m [m[47;1m [m   [46;1m [m[46;1m [m[46;1m [m[46;1m [m[46;1m [m[46;1m [m[46;1m [m[46;1m [m[47;1m [m   [46;1m [m[46;1m [m[46;1m [m[46;1m [m[46;1m [m[47;1m [m   [46;1m [m[46;1m [m[46;1m [m[46;1m [m[46;1m [m[47;1m [m    [46;1m [m[46;1m [m[47;1m [m        [46;1m [m[46;1m [m[47;1m [m  [m[36;1mCores:[m             [37;1m6 cores[m
   [46;1m [m[47;1m [m    [46;1m [m[46;1m [m[47;1m [m   [46;1m [m[46;1m [m[47;1m [m    [46;1m [m[46;1m [m[47;1m [m  [46;1m [m[46;1m [m[47;1m [m    [46;1m [m[46;1m [m[46;1m [m[47;1m [m  [46;1m [m[46;1m [m[46;1m [m[47;1m [m  [46;1m [m[46;1m [m[47;1m [m        [46;1m [m[46;1m [m[47;1m [m  [m[36;1mAVX:[m               [37;1mAVX,AVX2[m
  [46;1m [m[47;1m [m     [46;1m [m[46;1m [m[47;1m [m   [46;1m [m[46;1m [m[47;1m [m    [46;1m [m[46;1m [m[47;1m [m  [46;1m [m[46;1m [m[47;1m [m    [46;1m [m[46;1m [m[47;1m [m    [46;1m [m[46;1m [m[47;1m [m  [46;1m [m[46;1m [m[47;1m [m       [46;1m [m[46;1m [m[47;1m [m   [m[36;1mFMA:[m               [37;1mFMA3[m
 [46;1m [m[47;1m [m      [46;1m [m[46;1m [m[47;1m [m   [46;1m [m[46;1m [m[47;1m [m    [46;1m [m[46;1m [m[47;1m [m  [46;1m [m[46;1m [m[47;1m [m    [46;1m [m[46;1m [m[46;1m [m[46;1m [m[46;1m [m[46;1m [m[46;1m [m[46;1m [m[46;1m [m[47;1m [m  [46;1m [m[46;1m [m[47;1m [m     [46;1m [m[46;1m [m[46;1m [m[47;1m [m    [m[36;1mL1i Size:[m          [37;1m32KB (192KB Total)[m
 [46;1m [m[47;1m [m      [46;1m [m[46;1m [m[47;1m [m   [46;1m [m[46;1m [m[47;1m [m    [46;1m [m[46;1m [m[47;1m [m  [46;1m [m[46;1m [m[47;1m [m    [46;1m [m[46;1m [m[47;1m [m         [46;1m [m[46;1m [m[47;1m [m   [46;1m [m[46;1m [m[46;1m [m[46;1m [m[47;1m [m     [m[36;1mL1d Size:[m          [37;1m32KB (192KB Total)[m
 [46;1m [m[47;1m [m       [46;1m [m[47;1m [m   [46;1m [m[46;1m [m[47;1m [m    [46;1m [m[46;1m [m[47;1m [m   [46;1m [m[46;1m [m[46;1m [m[46;1m [m[47;1m [m  [46;1m [m[46;1m [m[46;1m [m[46;1m [m[46;1m [m[46;1m [m[46;1m [m[46;1m [m[47;1m [m   [46;1m [m[47;1m [m  [46;1m [m[46;1m [m[47;1m [m        [m[36;1mL2 Size:[m           [37;1m256KB (1.5MB Total)[m
 [46;1m [m[46;1m [m[47;1m [m                                                          [m[36;1mL3 Size:[m           [37;1m9MB[m
  [46;1m [m[46;1m [m[47;1m [m                                                         [m[36;1mPeak Performance:[m  [37;1m787.20 GFLOP/s[m
  [46;1m [m[46;1m [m[46;1m [m[47;1m [m                                        [46;1m [m[46;1m [m[46;1m [m[47;1m [m            [m
    [46;1m [m[46;1m [m[46;1m [m[46;1m [m[47;1m [m                               [46;1m [m[46;1m [m[46;1m [m[46;1m [m[46;1m [m[46;1m [m[46;1m [m[46;1m [m[46;1m [m[47;1m [m            [m
      [46;1m [m[46;1m [m[46;1m [m[46;1m [m[46;1m [m[46;1m [m[46;1m [m[46;1m [m[46;1m [m[47;1m [m               [46;1m [m[46;1m [m[46;1m [m[46;1m [m[46;1m [m[46;1m [m[46;1m [m[46;1m [m[46;1m [m[46;1m [m[46;1m [m[46;1m [m[46;1m [m[46;1m [m[46;1m [m[47;1m [m               [m
          [46;1m [m[46;1m [m[46;1m [m[46;1m [m[46;1m [m[46;1m [m[46;1m [m[46;1m [m[46;1m [m[46;1m [m[46;1m [m[46;1m [m[46;1m [m[46;1m [m[46;1m [m[46;1m [m[46;1m [m[46;1m [m[46;1m [m[46;1m [m[46;1m [m[46;1m [m[46;1m [m[46;1m [m[46;1m [m[46;1m [m[46;1m [m[46;1m [m[46;1m [m[46;1m [m[47;1m [m                     [m

